<?xml version="1.0" encoding="UTF-8"?>
<!-- Generated by org.testng.reporters.JUnitReportReporter -->
<testsuite skipped="0" hostname="UEES6-PC" name="jenkis.DemoJenkis" tests="2" failures="0" timestamp="14 may 2018 20:30:57 GMT" time="0.013" errors="0">
  <testcase name="testEmptyCollection" time="0.010" classname="jenkis.DemoJenkis"/>
  <testcase name="testOneItemCollection" time="0.003" classname="jenkis.DemoJenkis"/>
</testsuite> <!-- jenkis.DemoJenkis -->
